#
# There is insufficient memory for the Java Runtime Environment to continue.
# Native memory allocation (mmap) failed to map 44564480 bytes for committing reserved memory.
# Possible reasons:
#   The system is out of physical RAM or swap space
#   In 32 bit mode, the process size limit was hit
# Possible solutions:
#   Reduce memory load on the system
#   Increase physical memory or swap space
#   Check if swap backing store is full
#   Use 64 bit Java on a 64 bit OS
#   Decrease Java heap size (-Xmx/-Xms)
#   Decrease number of Java threads
#   Decrease Java thread stack sizes (-Xss)
#   Set larger code cache with -XX:ReservedCodeCacheSize=
# This output file may be truncated or incomplete.
#
#  Out of Memory Error (os_linux.cpp:2627), pid=4549, tid=1722485568
#
# JRE version: Java(TM) SE Runtime Environment (8.0_77-b03) (build 1.8.0_77-b03)
# Java VM: Java HotSpot(TM) Server VM (25.77-b03 mixed mode linux-x86 )
# Failed to write core dump. Core dumps have been disabled. To enable core dumping, try "ulimit -c unlimited" before starting Java again
#

---------------  T H R E A D  ---------------

Current thread (0x63d10400):  VMThread [stack: 0x66a30000,0x66ab1000] [id=4555]

Stack: [0x66a30000,0x66ab1000],  sp=0x66aaf6a0,  free space=509k
Native frames: (J=compiled Java code, j=interpreted, Vv=VM code, C=native code)
V  [libjvm.so+0x8cdf2f]  VMError::report_and_die()+0x16f
V  [libjvm.so+0x38be95]  report_vm_out_of_memory(char const*, int, unsigned int, VMErrorType, char const*)+0x55
V  [libjvm.so+0x751cf6]  os::Linux::commit_memory_impl(char*, unsigned int, bool)+0xe6
V  [libjvm.so+0x7521c8]  os::pd_commit_memory(char*, unsigned int, unsigned int, bool)+0x28
V  [libjvm.so+0x74c0ec]  os::commit_memory(char*, unsigned int, unsigned int, bool)+0x2c
V  [libjvm.so+0x7b66e8]  PSVirtualSpace::expand_by(unsigned int)+0x48
V  [libjvm.so+0x7b77ea]  PSYoungGen::resize_generation(unsigned int, unsigned int)+0xda
V  [libjvm.so+0x7b6b19]  PSYoungGen::resize(unsigned int, unsigned int)+0x19
V  [libjvm.so+0x7b4445]  PSScavenge::invoke_no_policy()+0xd15
V  [libjvm.so+0x7b4c08]  PSScavenge::invoke()+0x28
V  [libjvm.so+0x77373a]  ParallelScavengeHeap::failed_mem_allocate(unsigned int)+0x5a
V  [libjvm.so+0x8cf9fa]  VM_ParallelGCFailedAllocation::doit()+0x7a
V  [libjvm.so+0x8d9007]  VM_Operation::evaluate()+0x47
V  [libjvm.so+0x8d70e3]  VMThread::evaluate_operation(VM_Operation*)+0xb3
V  [libjvm.so+0x8d7480]  VMThread::loop()+0x1b0
V  [libjvm.so+0x8d78e5]  VMThread::run()+0x85
V  [libjvm.so+0x754339]  java_start(Thread*)+0x119
C  [libpthread.so.0+0x6f70]  start_thread+0xd0

VM_Operation (0x625b93e0): ParallelGCFailedAllocation, mode: safepoint, requested by thread 0x6317a800


---------------  P R O C E S S  ---------------

Java Threads: ( => current thread )
  0x0b1b9800 JavaThread "process reaper" daemon [_thread_blocked, id=4677, stack(0x5f0a1000,0x5f0ba000)]
  0x0a5cf800 JavaThread "process reaper" daemon [_thread_blocked, id=4675, stack(0x5f10b000,0x5f124000)]
  0x61c36400 JavaThread "process reaper" daemon [_thread_blocked, id=4671, stack(0x5f217000,0x5f230000)]
  0x66b43000 JavaThread "process reaper" daemon [_thread_blocked, id=4668, stack(0x5f2d2000,0x5f2eb000)]
  0x6336dc00 JavaThread "process reaper" daemon [_thread_blocked, id=4665, stack(0x5f38d000,0x5f3a6000)]
  0x0abe3400 JavaThread "process reaper" daemon [_thread_blocked, id=4662, stack(0x5f448000,0x5f461000)]
  0x61c31c00 JavaThread "process reaper" daemon [_thread_blocked, id=4659, stack(0x5f503000,0x5f51c000)]
  0x66b3e800 JavaThread "process reaper" daemon [_thread_blocked, id=4656, stack(0x5f5be000,0x5f5d7000)]
  0x63d80000 JavaThread "process reaper" daemon [_thread_blocked, id=4653, stack(0x5f679000,0x5f692000)]
  0x61c2dc00 JavaThread "process reaper" daemon [_thread_blocked, id=4650, stack(0x5f734000,0x5f74d000)]
  0x66b3d400 JavaThread "process reaper" daemon [_thread_blocked, id=4649, stack(0x5f74d000,0x5f766000)]
  0x61c23400 JavaThread "process reaper" daemon [_thread_blocked, id=4646, stack(0x5f808000,0x5f821000)]
  0x63d7bc00 JavaThread "process reaper" daemon [_thread_blocked, id=4642, stack(0x5f8c3000,0x5f8dc000)]
  0x63117000 JavaThread "process reaper" daemon [_thread_blocked, id=4612, stack(0x5fe3d000,0x5fe56000)]
  0x61858000 JavaThread "process reaper" daemon [_thread_blocked, id=4605, stack(0x605ce000,0x605e7000)]
  0x62aca400 JavaThread "process reaper" daemon [_thread_blocked, id=4596, stack(0x605e7000,0x60600000)]
  0x0b1bc400 JavaThread "process reaper" daemon [_thread_blocked, id=4595, stack(0x60d01000,0x60d1a000)]
  0x61c97400 JavaThread "process reaper" daemon [_thread_blocked, id=4594, stack(0x60d1a000,0x60d33000)]
  0x66b32400 JavaThread "process reaper" daemon [_thread_blocked, id=4593, stack(0x60d33000,0x60d4c000)]
  0x0abba800 JavaThread "pool-1-thread-2" [_thread_blocked, id=4582, stack(0x60d4c000,0x60d9d000)]
  0x0abb9800 JavaThread "pool-1-thread-1" [_thread_blocked, id=4581, stack(0x60d9d000,0x60dee000)]
  0x0b1d3800 JavaThread "File lock request listener" [_thread_in_native, id=4576, stack(0x61f50000,0x61fa1000)]
  0x0aa84c00 JavaThread "process reaper" daemon [_thread_blocked, id=4574, stack(0x62d0e000,0x62d27000)]
  0x09d07400 JavaThread "Stdin handler" [_thread_blocked, id=4571, stack(0x6251a000,0x6256b000)]
  0x6317a800 JavaThread "Daemon worker" [_thread_blocked, id=4568, stack(0x6256b000,0x625bc000)]
  0x63175800 JavaThread "Cancel handler" [_thread_blocked, id=4567, stack(0x625bc000,0x6260d000)]
  0x63149000 JavaThread "Handler for socket connection from /127.0.0.1:41061 to /127.0.0.1:49952" [_thread_in_native, id=4566, stack(0x6260d000,0x6265e000)]
  0x09ccc400 JavaThread "Daemon" [_thread_blocked, id=4565, stack(0x6265e000,0x626af000)]
  0x62abb400 JavaThread "Incoming local TCP Connector on port 41061" [_thread_in_native, id=4564, stack(0x627af000,0x62800000)]
  0x63d38400 JavaThread "Service Thread" daemon [_thread_blocked, id=4561, stack(0x6382a000,0x6387b000)]
  0x63d35400 JavaThread "C1 CompilerThread1" daemon [_thread_blocked, id=4560, stack(0x6387b000,0x638fc000)]
  0x63d33800 JavaThread "C2 CompilerThread0" daemon [_thread_blocked, id=4559, stack(0x638fc000,0x6397d000)]
  0x63d31c00 JavaThread "Signal Dispatcher" daemon [_thread_blocked, id=4558, stack(0x6397d000,0x639ce000)]
  0x63d17800 JavaThread "Finalizer" daemon [_thread_blocked, id=4557, stack(0x63e3a000,0x63e8b000)]
  0x63d14c00 JavaThread "Reference Handler" daemon [_thread_blocked, id=4556, stack(0x63e8b000,0x63edc000)]
  0xb6507400 JavaThread "main" [_thread_blocked, id=4552, stack(0xb6698000,0xb66e9000)]

Other Threads:
=>0x63d10400 VMThread [stack: 0x66a30000,0x66ab1000] [id=4555]
  0x63d3a400 WatcherThread [stack: 0x637a9000,0x6382a000] [id=4562]

VM state:at safepoint (normal execution)

VM Mutex/Monitor currently owned by a thread:  ([mutex/lock_event])
[0xb6504cc8] Threads_lock - owner thread: 0x63d10400
[0xb65050d8] Heap_lock - owner thread: 0x6317a800

Heap:
 PSYoungGen      total 152320K, used 1223K [0x91ac0000, 0x9be00000, 0xa7000000)
  eden space 139520K, 0% used [0x91ac0000,0x91ac0000,0x9a300000)
  from space 12800K, 9% used [0x9a500000,0x9a631fa8,0x9b180000)
  to   space 9472K, 0% used [0x9b4c0000,0x9b4c0000,0x9be00000)
 ParOldGen       total 45056K, used 29395K [0x67000000, 0x69c00000, 0x91ac0000)
  object space 45056K, 65% used [0x67000000,0x68cb4ea0,0x69c00000)
 Metaspace       used 30501K, capacity 31064K, committed 31104K, reserved 32048K

Card table byte_map: [0x66dff000,0x67000000] byte_map_base: 0x66ac7000

Marking Bits: (ParMarkBitMap*) 0xb7131940
 Begin Bits: [0x64900000, 0x65900000)
 End Bits:   [0x65900000, 0x66900000)

Polling page: 0xb7732000

CodeCache: size=245760Kb used=13020Kb max_used=13548Kb free=232739Kb
 bounds [0xa7500000, 0xa8248000, 0xb6500000]
 total_blobs=5985 nmethods=5543 adapters=355
 compilation: enabled

Compilation events (10 events):
Event: 31,421 Thread 0x63d35400 6499       3       com.google.common.cache.LocalCache$EntryFactory$2::copyEntry (19 bytes)
Event: 31,422 Thread 0x63d35400 nmethod 6499 0xa8219b48 code [0xa8219ca0, 0xa821a070]
Event: 31,422 Thread 0x63d35400 6500       3       com.google.common.cache.LocalCache$EntryFactory::copyEntry (19 bytes)
Event: 31,422 Thread 0x63d35400 nmethod 6500 0xa75da1c8 code [0xa75da300, 0xa75da5c4]
Event: 31,422 Thread 0x63d35400 6501       3       com.google.common.cache.LocalCache$EntryFactory::copyAccessEntry (37 bytes)
Event: 31,424 Thread 0x63d35400 nmethod 6501 0xa75a4e88 code [0xa75a5060, 0xa75a5898]
Event: 31,424 Thread 0x63d35400 6502       3       com.google.common.cache.LocalCache::nullifyAccessOrder (19 bytes)
Event: 31,424 Thread 0x63d35400 nmethod 6502 0xa7b22348 code [0xa7b22480, 0xa7b226b8]
Event: 31,427 Thread 0x63d33800 nmethod 6495 0xa7a70088 code [0xa7a701c0, 0xa7a707b0]
Event: 31,427 Thread 0x63d33800 6504       4       java.lang.reflect.Constructor::newInstance (87 bytes)

GC Heap History (10 events):
Event: 17,733 GC heap after
Heap after GC invocations=12 (full 1):
 PSYoungGen      total 95744K, used 7172K [0x91ac0000, 0x995c0000, 0xa7000000)
  eden space 87040K, 0% used [0x91ac0000,0x91ac0000,0x96fc0000)
  from space 8704K, 82% used [0x96fc0000,0x976c1020,0x97840000)
  to   space 9472K, 0% used [0x98c80000,0x98c80000,0x995c0000)
 ParOldGen       total 24064K, used 13134K [0x67000000, 0x68780000, 0x91ac0000)
  object space 24064K, 54% used [0x67000000,0x67cd3888,0x68780000)
 Metaspace       used 21542K, capacity 21889K, committed 22016K, reserved 22832K
}
Event: 21,801 GC heap before
{Heap before GC invocations=13 (full 1):
 PSYoungGen      total 95744K, used 94212K [0x91ac0000, 0x995c0000, 0xa7000000)
  eden space 87040K, 100% used [0x91ac0000,0x96fc0000,0x96fc0000)
  from space 8704K, 82% used [0x96fc0000,0x976c1020,0x97840000)
  to   space 9472K, 0% used [0x98c80000,0x98c80000,0x995c0000)
 ParOldGen       total 24064K, used 13134K [0x67000000, 0x68780000, 0x91ac0000)
  object space 24064K, 54% used [0x67000000,0x67cd3888,0x68780000)
 Metaspace       used 26110K, capacity 26510K, committed 26624K, reserved 26928K
Event: 21,858 GC heap after
Heap after GC invocations=13 (full 1):
 PSYoungGen      total 113408K, used 9466K [0x91ac0000, 0x9a6c0000, 0xa7000000)
  eden space 103936K, 0% used [0x91ac0000,0x91ac0000,0x98040000)
  from space 9472K, 99% used [0x98c80000,0x995bebc8,0x995c0000)
  to   space 12544K, 0% used [0x98040000,0x98040000,0x98c80000)
 ParOldGen       total 24064K, used 17591K [0x67000000, 0x68780000, 0x91ac0000)
  object space 24064K, 73% used [0x67000000,0x6812dd40,0x68780000)
 Metaspace       used 26110K, capacity 26510K, committed 26624K, reserved 26928K
}
Event: 22,728 GC heap before
{Heap before GC invocations=14 (full 1):
 PSYoungGen      total 113408K, used 43834K [0x91ac0000, 0x9a6c0000, 0xa7000000)
  eden space 103936K, 33% used [0x91ac0000,0x93c4ff18,0x98040000)
  from space 9472K, 99% used [0x98c80000,0x995bebc8,0x995c0000)
  to   space 12544K, 0% used [0x98040000,0x98040000,0x98c80000)
 ParOldGen       total 24064K, used 17591K [0x67000000, 0x68780000, 0x91ac0000)
  object space 24064K, 73% used [0x67000000,0x6812dd40,0x68780000)
 Metaspace       used 26892K, capacity 27294K, committed 27308K, reserved 27952K
Event: 22,760 GC heap after
Heap after GC invocations=14 (full 1):
 PSYoungGen      total 116480K, used 3624K [0x91ac0000, 0x9c080000, 0xa7000000)
  eden space 103936K, 0% used [0x91ac0000,0x91ac0000,0x98040000)
  from space 12544K, 28% used [0x98040000,0x983ca160,0x98c80000)
  to   space 12032K, 0% used [0x9b4c0000,0x9b4c0000,0x9c080000)
 ParOldGen       total 25856K, used 25517K [0x67000000, 0x68940000, 0x91ac0000)
  object space 25856K, 98% used [0x67000000,0x688eb4b0,0x68940000)
 Metaspace       used 26892K, capacity 27294K, committed 27308K, reserved 27952K
}
Event: 22,760 GC heap before
{Heap before GC invocations=15 (full 2):
 PSYoungGen      total 116480K, used 3624K [0x91ac0000, 0x9c080000, 0xa7000000)
  eden space 103936K, 0% used [0x91ac0000,0x91ac0000,0x98040000)
  from space 12544K, 28% used [0x98040000,0x983ca160,0x98c80000)
  to   space 12032K, 0% used [0x9b4c0000,0x9b4c0000,0x9c080000)
 ParOldGen       total 25856K, used 25517K [0x67000000, 0x68940000, 0x91ac0000)
  object space 25856K, 98% used [0x67000000,0x688eb4b0,0x68940000)
 Metaspace       used 26892K, capacity 27294K, committed 27308K, reserved 27952K
Event: 22,952 GC heap after
Heap after GC invocations=15 (full 2):
 PSYoungGen      total 116480K, used 0K [0x91ac0000, 0x9c080000, 0xa7000000)
  eden space 103936K, 0% used [0x91ac0000,0x91ac0000,0x98040000)
  from space 12544K, 0% used [0x98040000,0x98040000,0x98c80000)
  to   space 12032K, 0% used [0x9b4c0000,0x9b4c0000,0x9c080000)
 ParOldGen       total 45056K, used 24427K [0x67000000, 0x69c00000, 0x91ac0000)
  object space 45056K, 54% used [0x67000000,0x687dad60,0x69c00000)
 Metaspace       used 26892K, capacity 27294K, committed 27308K, reserved 27952K
}
Event: 27,974 GC heap before
{Heap before GC invocations=16 (full 2):
 PSYoungGen      total 116480K, used 103936K [0x91ac0000, 0x9c080000, 0xa7000000)
  eden space 103936K, 100% used [0x91ac0000,0x98040000,0x98040000)
  from space 12544K, 0% used [0x98040000,0x98040000,0x98c80000)
  to   space 12032K, 0% used [0x9b4c0000,0x9b4c0000,0x9c080000)
 ParOldGen       total 45056K, used 24427K [0x67000000, 0x69c00000, 0x91ac0000)
  object space 45056K, 54% used [0x67000000,0x687dad60,0x69c00000)
 Metaspace       used 29940K, capacity 30488K, committed 30592K, reserved 31024K
Event: 28,027 GC heap after
Heap after GC invocations=16 (full 2):
 PSYoungGen      total 148992K, used 9236K [0x91ac0000, 0x9be00000, 0xa7000000)
  eden space 139520K, 0% used [0x91ac0000,0x91ac0000,0x9a300000)
  from space 9472K, 97% used [0x9b4c0000,0x9bdc5368,0x9be00000)
  to   space 12800K, 0% used [0x9a500000,0x9a500000,0x9b180000)
 ParOldGen       total 45056K, used 24431K [0x67000000, 0x69c00000, 0x91ac0000)
  object space 45056K, 54% used [0x67000000,0x687dbd60,0x69c00000)
 Metaspace       used 29940K, capacity 30488K, committed 30592K, reserved 31024K
}
Event: 31,429 GC heap before
{Heap before GC invocations=17 (full 2):
 PSYoungGen      total 148992K, used 148756K [0x91ac0000, 0x9be00000, 0xa7000000)
  eden space 139520K, 100% used [0x91ac0000,0x9a300000,0x9a300000)
  from space 9472K, 97% used [0x9b4c0000,0x9bdc5368,0x9be00000)
  to   space 12800K, 0% used [0x9a500000,0x9a500000,0x9b180000)
 ParOldGen       total 45056K, used 24431K [0x67000000, 0x69c00000, 0x91ac0000)
  object space 45056K, 54% used [0x67000000,0x687dbd60,0x69c00000)
 Metaspace       used 30501K, capacity 31064K, committed 31104K, reserved 32048K

Deoptimization events (10 events):
Event: 28,252 Thread 0x6317a800 Uncommon trap: reason=bimorphic action=maybe_recompile pc=0xa7edd688 method=com.sun.org.apache.xerces.internal.impl.XMLEntityScanner.load(IZZ)Z @ 81
Event: 28,574 Thread 0x6317a800 Uncommon trap: reason=unstable_if action=reinterpret pc=0xa821f13c method=com.google.common.collect.AbstractMapBasedMultimap$WrappedCollection.refreshIfEmpty()V @ 45
Event: 28,595 Thread 0x6317a800 Uncommon trap: reason=unstable_if action=reinterpret pc=0xa7b26784 method=com.sun.org.apache.xerces.internal.dom.ParentNode.nodeListItem(I)Lorg/w3c/dom/Node; @ 101
Event: 28,596 Thread 0x6317a800 Uncommon trap: reason=unstable_if action=reinterpret pc=0xa7b22468 method=com.sun.org.apache.xerces.internal.dom.ParentNode.nodeListItem(I)Lorg/w3c/dom/Node; @ 101
Event: 28,632 Thread 0x0abba800 Uncommon trap: reason=unstable_if action=reinterpret pc=0xa80cb368 method=java.util.concurrent.locks.ReentrantLock$Sync.nonfairTryAcquire(I)Z @ 34
Event: 28,646 Thread 0x0abb9800 Uncommon trap: reason=unstable_if action=reinterpret pc=0xa7a6398c method=java.util.concurrent.locks.AbstractQueuedSynchronizer.release(I)Z @ 14
Event: 28,646 Thread 0x0abba800 Uncommon trap: reason=unstable_if action=reinterpret pc=0xa776ced4 method=java.util.concurrent.locks.AbstractQueuedSynchronizer.release(I)Z @ 14
Event: 29,015 Thread 0x0abba800 Uncommon trap: reason=unstable_if action=reinterpret pc=0xa7ca6e3c method=java.util.concurrent.ConcurrentHashMap.putVal(Ljava/lang/Object;Ljava/lang/Object;Z)Ljava/lang/Object; @ 113
Event: 29,065 Thread 0x6317a800 Uncommon trap: reason=unstable_if action=reinterpret pc=0xa7f0c2a4 method=java.util.regex.Matcher.appendReplacement(Ljava/lang/StringBuffer;Ljava/lang/String;)Ljava/util/regex/Matcher; @ 47
Event: 31,033 Thread 0x6317a800 Uncommon trap: reason=unstable_if action=reinterpret pc=0xa7add58c method=sun.nio.cs.UTF_8$Encoder.encodeArrayLoop(Ljava/nio/CharBuffer;Ljava/nio/ByteBuffer;)Ljava/nio/charset/CoderResult; @ 400

Internal exceptions (10 events):
Event: 27,338 Thread 0x6317a800 Exception <a 'java/lang/ClassNotFoundException': com/android/ide/common/res2/DataMergerCustomizer> (0x96f9a1e0) thrown at [/HUDSON/workspace/8-2-build-linux-i586/jdk8u77/6540/hotspot/src/share/vm/classfile/systemDictionary.cpp, line 210]
Event: 27,340 Thread 0x6317a800 Exception <a 'java/lang/ClassNotFoundException': com/android/ide/common/res2/AssetMergerCustomizer> (0x96fca280) thrown at [/HUDSON/workspace/8-2-build-linux-i586/jdk8u77/6540/hotspot/src/share/vm/classfile/systemDictionary.cpp, line 210]
Event: 27,344 Thread 0x6317a800 Exception <a 'java/lang/ClassNotFoundException': com/android/ide/common/res2/AssetSetBeanInfo> (0x970159b0) thrown at [/HUDSON/workspace/8-2-build-linux-i586/jdk8u77/6540/hotspot/src/share/vm/classfile/systemDictionary.cpp, line 210]
Event: 27,345 Thread 0x6317a800 Exception <a 'java/lang/ClassNotFoundException': com/android/ide/common/res2/DataSetBeanInfo> (0x97022aa8) thrown at [/HUDSON/workspace/8-2-build-linux-i586/jdk8u77/6540/hotspot/src/share/vm/classfile/systemDictionary.cpp, line 210]
Event: 27,345 Thread 0x6317a800 Exception <a 'java/lang/ClassNotFoundException': com/android/ide/common/res2/DataSetCustomizer> (0x97030240) thrown at [/HUDSON/workspace/8-2-build-linux-i586/jdk8u77/6540/hotspot/src/share/vm/classfile/systemDictionary.cpp, line 210]
Event: 27,347 Thread 0x6317a800 Exception <a 'java/lang/ClassNotFoundException': com/android/ide/common/res2/AssetSetCustomizer> (0x97059048) thrown at [/HUDSON/workspace/8-2-build-linux-i586/jdk8u77/6540/hotspot/src/share/vm/classfile/systemDictionary.cpp, line 210]
Event: 27,361 Thread 0x6317a800 Exception <a 'java/lang/ClassNotFoundException': com/android/ide/common/res2/MergedAssetWriterBeanInfo> (0x970b7c08) thrown at [/HUDSON/workspace/8-2-build-linux-i586/jdk8u77/6540/hotspot/src/share/vm/classfile/systemDictionary.cpp, line 210]
Event: 27,362 Thread 0x6317a800 Exception <a 'java/lang/ClassNotFoundException': com/android/ide/common/res2/MergeWriterBeanInfo> (0x970c5b68) thrown at [/HUDSON/workspace/8-2-build-linux-i586/jdk8u77/6540/hotspot/src/share/vm/classfile/systemDictionary.cpp, line 210]
Event: 27,362 Thread 0x6317a800 Exception <a 'java/lang/ClassNotFoundException': com/android/ide/common/res2/MergeWriterCustomizer> (0x970d4160) thrown at [/HUDSON/workspace/8-2-build-linux-i586/jdk8u77/6540/hotspot/src/share/vm/classfile/systemDictionary.cpp, line 210]
Event: 27,363 Thread 0x6317a800 Exception <a 'java/lang/ClassNotFoundException': com/android/ide/common/res2/MergedAssetWriterCustomizer> (0x970e6a90) thrown at [/HUDSON/workspace/8-2-build-linux-i586/jdk8u77/6540/hotspot/src/share/vm/classfile/systemDictionary.cpp, line 210]

Events (10 events):
Event: 31,217 loading class com/google/common/collect/MapMaker$RemovalCause$2 done
Event: 31,217 loading class com/google/common/collect/MapMaker$RemovalCause$3
Event: 31,217 loading class com/google/common/collect/MapMaker$RemovalCause$3 done
Event: 31,218 loading class com/google/common/collect/MapMaker$RemovalCause$4
Event: 31,218 loading class com/google/common/collect/MapMaker$RemovalCause$4 done
Event: 31,218 loading class com/google/common/collect/MapMaker$RemovalCause$5
Event: 31,218 loading class com/google/common/collect/MapMaker$RemovalCause$5 done
Event: 31,408 Thread 0x6317a800 DEOPT PACKING pc=0xa7c57867 sp=0x625b9660
Event: 31,408 Thread 0x6317a800 DEOPT UNPACKING pc=0xa753c590 sp=0x625b94f8 mode 0
Event: 31,429 Executing VM operation: ParallelGCFailedAllocation


Dynamic libraries:
08048000-08049000 r-xp 00000000 08:05 538180     /usr/lib/jvm/java-8-oracle/bin/java
08049000-0804a000 rw-p 00000000 08:05 538180     /usr/lib/jvm/java-8-oracle/bin/java
09bde000-0b4a9000 rw-p 00000000 00:00 0          [heap]
5ee5d000-5ee7d000 rw-p 00000000 00:00 0 
5ee7d000-5ef60000 ---p 00000000 00:00 0 
5ef60000-5efae000 rw-p 00000000 00:00 0 
5efae000-5efb1000 ---p 00000000 00:00 0 
5efb1000-5efff000 rw-p 00000000 00:00 0 
5efff000-5f002000 ---p 00000000 00:00 0 
5f002000-5f050000 rw-p 00000000 00:00 0 
5f050000-5f053000 ---p 00000000 00:00 0 
5f053000-5f0a1000 rw-p 00000000 00:00 0 
5f0a1000-5f0a4000 ---p 00000000 00:00 0 
5f0a4000-5f0ba000 rw-p 00000000 00:00 0          [stack:4677]
5f0ba000-5f0bd000 ---p 00000000 00:00 0 
5f0bd000-5f10b000 rw-p 00000000 00:00 0 
5f10b000-5f10e000 ---p 00000000 00:00 0 
5f10e000-5f124000 rw-p 00000000 00:00 0          [stack:4675]
5f124000-5f127000 ---p 00000000 00:00 0 
5f127000-5f175000 rw-p 00000000 00:00 0 
5f175000-5f178000 ---p 00000000 00:00 0 
5f178000-5f1c6000 rw-p 00000000 00:00 0 
5f1c6000-5f1c9000 ---p 00000000 00:00 0 
5f1c9000-5f217000 rw-p 00000000 00:00 0 
5f217000-5f21a000 ---p 00000000 00:00 0 
5f21a000-5f230000 rw-p 00000000 00:00 0          [stack:4671]
5f230000-5f233000 ---p 00000000 00:00 0 
5f233000-5f281000 rw-p 00000000 00:00 0 
5f281000-5f284000 ---p 00000000 00:00 0 
5f284000-5f2d2000 rw-p 00000000 00:00 0 
5f2d2000-5f2d5000 ---p 00000000 00:00 0 
5f2d5000-5f2eb000 rw-p 00000000 00:00 0          [stack:4668]
5f2eb000-5f2ee000 ---p 00000000 00:00 0 
5f2ee000-5f33c000 rw-p 00000000 00:00 0 
5f33c000-5f33f000 ---p 00000000 00:00 0 
5f33f000-5f38d000 rw-p 00000000 00:00 0 
5f38d000-5f390000 ---p 00000000 00:00 0 
5f390000-5f3a6000 rw-p 00000000 00:00 0          [stack:4665]
5f3a6000-5f3a9000 ---p 00000000 00:00 0 
5f3a9000-5f3f7000 rw-p 00000000 00:00 0 
5f3f7000-5f3fa000 ---p 00000000 00:00 0 
5f3fa000-5f448000 rw-p 00000000 00:00 0 
5f448000-5f44b000 ---p 00000000 00:00 0 
5f44b000-5f461000 rw-p 00000000 00:00 0          [stack:4662]
5f461000-5f464000 ---p 00000000 00:00 0 
5f464000-5f4b2000 rw-p 00000000 00:00 0 
5f4b2000-5f4b5000 ---p 00000000 00:00 0 
5f4b5000-5f503000 rw-p 00000000 00:00 0 
5f503000-5f506000 ---p 00000000 00:00 0 
5f506000-5f51c000 rw-p 00000000 00:00 0          [stack:4659]
5f51c000-5f51f000 ---p 00000000 00:00 0 
5f51f000-5f56d000 rw-p 00000000 00:00 0 
5f56d000-5f570000 ---p 00000000 00:00 0 
5f570000-5f5be000 rw-p 00000000 00:00 0 
5f5be000-5f5c1000 ---p 00000000 00:00 0 
5f5c1000-5f5d7000 rw-p 00000000 00:00 0          [stack:4656]
5f5d7000-5f5da000 ---p 00000000 00:00 0 
5f5da000-5f628000 rw-p 00000000 00:00 0 
5f628000-5f62b000 ---p 00000000 00:00 0 
5f62b000-5f679000 rw-p 00000000 00:00 0 
5f679000-5f67c000 ---p 00000000 00:00 0 
5f67c000-5f692000 rw-p 00000000 00:00 0          [stack:4653]
5f692000-5f695000 ---p 00000000 00:00 0 
5f695000-5f6e3000 rw-p 00000000 00:00 0 
5f6e3000-5f6e6000 ---p 00000000 00:00 0 
5f6e6000-5f734000 rw-p 00000000 00:00 0 
5f734000-5f737000 ---p 00000000 00:00 0 
5f737000-5f74d000 rw-p 00000000 00:00 0          [stack:4650]
5f74d000-5f750000 ---p 00000000 00:00 0 
5f750000-5f766000 rw-p 00000000 00:00 0          [stack:4649]
5f766000-5f769000 ---p 00000000 00:00 0 
5f769000-5f7b7000 rw-p 00000000 00:00 0 
5f7b7000-5f7ba000 ---p 00000000 00:00 0 
5f7ba000-5f808000 rw-p 00000000 00:00 0 
5f808000-5f80b000 ---p 00000000 00:00 0 
5f80b000-5f821000 rw-p 00000000 00:00 0          [stack:4646]
5f821000-5f824000 ---p 00000000 00:00 0 
5f824000-5f872000 rw-p 00000000 00:00 0 
5f872000-5f875000 ---p 00000000 00:00 0 
5f875000-5f8c3000 rw-p 00000000 00:00 0 
5f8c3000-5f8c6000 ---p 00000000 00:00 0 
5f8c6000-5f8dc000 rw-p 00000000 00:00 0          [stack:4642]
5f8dc000-5f8df000 ---p 00000000 00:00 0 
5f8df000-5f92d000 rw-p 00000000 00:00 0 
5f92d000-5f930000 ---p 00000000 00:00 0 
5f930000-5f97e000 rw-p 00000000 00:00 0 
5f97e000-5f981000 ---p 00000000 00:00 0 
5f981000-5f9cf000 rw-p 00000000 00:00 0 
5f9cf000-5f9d2000 ---p 00000000 00:00 0 
5f9d2000-5fa20000 rw-p 00000000 00:00 0 
5fa20000-5fa23000 ---p 00000000 00:00 0 
5fa23000-5fa71000 rw-p 00000000 00:00 0 
5fa71000-5fa74000 ---p 00000000 00:00 0 
5fa74000-5fac2000 rw-p 00000000 00:00 0 
5fac2000-5fac5000 ---p 00000000 00:00 0 
5fac5000-5fb13000 rw-p 00000000 00:00 0 
5fb13000-5fb16000 ---p 00000000 00:00 0 
5fb16000-5fb64000 rw-p 00000000 00:00 0 
5fb64000-5fb67000 ---p 00000000 00:00 0 
5fb67000-5fbb5000 rw-p 00000000 00:00 0 
5fbb5000-5fbb8000 ---p 00000000 00:00 0 
5fbb8000-5fc06000 rw-p 00000000 00:00 0 
5fc06000-5fc09000 ---p 00000000 00:00 0 
5fc09000-5fc57000 rw-p 00000000 00:00 0 
5fc57000-5fc5a000 ---p 00000000 00:00 0 
5fc5a000-5fca8000 rw-p 00000000 00:00 0 
5fca8000-5fcab000 ---p 00000000 00:00 0 
5fcab000-5fcf9000 rw-p 00000000 00:00 0 
5fcf9000-5fcfc000 ---p 00000000 00:00 0 
5fcfc000-5fd4a000 rw-p 00000000 00:00 0 
5fd4a000-5fd4d000 ---p 00000000 00:00 0 
5fd4d000-5fd9b000 rw-p 00000000 00:00 0 
5fd9b000-5fd9e000 ---p 00000000 00:00 0 
5fd9e000-5fdec000 rw-p 00000000 00:00 0 
5fdec000-5fdef000 ---p 00000000 00:00 0 
5fdef000-5fe3d000 rw-p 00000000 00:00 0 
5fe3d000-5fe40000 ---p 00000000 00:00 0 
5fe40000-5fe56000 rw-p 00000000 00:00 0          [stack:4612]
5fe56000-5fe59000 ---p 00000000 00:00 0 
5fe59000-5fea7000 rw-p 00000000 00:00 0 
5fea7000-5feaa000 ---p 00000000 00:00 0 
5feaa000-5fef8000 rw-p 00000000 00:00 0 
5fef8000-5fefb000 ---p 00000000 00:00 0 
5fefb000-5ff49000 rw-p 00000000 00:00 0 
5ff49000-5ff4c000 ---p 00000000 00:00 0 
5ff4c000-5ff9a000 rw-p 00000000 00:00 0 
5ff9a000-5ff9d000 ---p 00000000 00:00 0 
5ff9d000-5ffeb000 rw-p 00000000 00:00 0 
5ffeb000-5ffee000 ---p 00000000 00:00 0 
5ffee000-6003c000 rw-p 00000000 00:00 0 
6003c000-6003f000 ---p 00000000 00:00 0 
6003f000-6008d000 rw-p 00000000 00:00 0 
6008d000-60090000 ---p 00000000 00:00 0 
60090000-600de000 rw-p 00000000 00:00 0 
600de000-600e1000 ---p 00000000 00:00 0 
600e1000-6012f000 rw-p 00000000 00:00 0 
6012f000-60132000 ---p 00000000 00:00 0 
60132000-60180000 rw-p 00000000 00:00 0 
60180000-60183000 ---p 00000000 00:00 0 
60183000-601d1000 rw-p 00000000 00:00 0 
601d1000-601d4000 ---p 00000000 00:00 0 
601d4000-60222000 rw-p 00000000 00:00 0 
60222000-60225000 ---p 00000000 00:00 0 
60225000-60273000 rw-p 00000000 00:00 0 
60273000-60276000 ---p 00000000 00:00 0 
60276000-602c4000 rw-p 00000000 00:00 0 
602c4000-602c7000 ---p 00000000 00:00 0 
602c7000-60315000 rw-p 00000000 00:00 0 
60315000-60318000 ---p 00000000 00:00 0 
60318000-60366000 rw-p 00000000 00:00 0 
60366000-60369000 ---p 00000000 00:00 0 
60369000-604b7000 rw-p 00000000 00:00 0 
604b7000-605b7000 rw-p 00000000 00:00 0 
605ce000-605d1000 ---p 00000000 00:00 0 
605d1000-605e7000 rw-p 00000000 00:00 0          [stack:4605]
605e7000-605ea000 ---p 00000000 00:00 0 
605ea000-60700000 rw-p 00000000 00:00 0          [stack:4596]
60700000-60800000 rw-p 00000000 00:00 0 
60800000-60900000 rw-p 00000000 00:00 0 
60900000-6097b000 rw-p 00000000 00:00 0 
6097b000-60a00000 ---p 00000000 00:00 0 
60a00000-60b00000 rw-p 00000000 00:00 0 
60b00000-60c00000 rw-p 00000000 00:00 0 
60c00000-60cfa000 rw-p 00000000 00:00 0 
60cfa000-60d00000 ---p 00000000 00:00 0 
60d01000-60d04000 ---p 00000000 00:00 0 
60d04000-60d1a000 rw-p 00000000 00:00 0          [stack:4595]
60d1a000-60d1d000 ---p 00000000 00:00 0 
60d1d000-60d33000 rw-p 00000000 00:00 0          [stack:4594]
60d33000-60d36000 ---p 00000000 00:00 0 
60d36000-60d4c000 rw-p 00000000 00:00 0          [stack:4593]
60d4c000-60d4f000 ---p 00000000 00:00 0 
60d4f000-60d9d000 rw-p 00000000 00:00 0          [stack:4582]
60d9d000-60da0000 ---p 00000000 00:00 0 
60da0000-60dee000 rw-p 00000000 00:00 0          [stack:4581]
60dee000-60e00000 r--s 00345000 08:05 686067     /usr/lib/jvm/java-8-oracle/jre/lib/resources.jar
60e00000-60f00000 rw-p 00000000 00:00 0 
60f00000-61000000 rw-p 00000000 00:00 0 
61000000-61100000 rw-p 00000000 00:00 0 
6110a000-6120a000 rw-p 00000000 00:00 0 
6120a000-6130a000 rw-p 00000000 00:00 0 
6130a000-61312000 r-xp 00000000 08:05 686028     /usr/lib/jvm/java-8-oracle/jre/lib/i386/libmanagement.so
61312000-61313000 rw-p 00007000 08:05 686028     /usr/lib/jvm/java-8-oracle/jre/lib/i386/libmanagement.so
61313000-61413000 rw-p 00000000 00:00 0 
61413000-6141b000 r--s 000a8000 08:05 554566     /opt/android-studio/gradle/m2repository/com/android/tools/external/lombok/lombok-ast/0.2.3/lombok-ast-0.2.3.jar
6141b000-6141d000 r--s 0000d000 08:05 554822     /opt/android-studio/gradle/m2repository/commons-codec/commons-codec/1.4/commons-codec-1.4.jar
6141d000-6141f000 r--s 0000d000 08:05 554233     /opt/android-studio/gradle/m2repository/commons-logging/commons-logging/1.1.1/commons-logging-1.1.1.jar
6141f000-61424000 r--s 00028000 08:05 554311     /opt/android-studio/gradle/m2repository/org/apache/httpcomponents/httpcore/4.1/httpcore-4.1.jar
61424000-61425000 r--s 00004000 08:05 554777     /opt/android-studio/gradle/m2repository/com/intellij/annotations/12.0/annotations-12.0.jar
61425000-61427000 r--s 00005000 08:05 554399     /opt/android-studio/gradle/m2repository/org/abego/treelayout/org.abego.treelayout.core/1.0.1/org.abego.treelayout.core-1.0.1.jar
61427000-6142a000 r--s 00030000 08:05 554547     /opt/android-studio/gradle/m2repository/com/android/tools/lint/lint-api/25.0.0/lint-api-25.0.0.jar
6142a000-6142b000 r--s 00004000 08:05 554410     /opt/android-studio/gradle/m2repository/org/ow2/asm/asm-analysis/5.0.3/asm-analysis-5.0.3.jar
6142b000-6142c000 r--s 0000a000 08:05 554815     /opt/android-studio/gradle/m2repository/net/sf/kxml/kxml2/2.3.0/kxml2-2.3.0.jar
6142c000-61430000 r--s 00026000 08:05 554559     /opt/android-studio/gradle/m2repository/com/android/tools/repository/25.0.0/repository-25.0.0.jar
61430000-61437000 r--s 00053000 08:05 554328     /opt/android-studio/gradle/m2repository/org/apache/commons/commons-compress/1.8.1/commons-compress-1.8.1.jar
61437000-6143c000 r--s 0002a000 08:05 554500     /opt/android-studio/gradle/m2repository/com/google/code/gson/gson/2.2.4/gson-2.2.4.jar
6143c000-6143e000 r--s 00005000 08:05 554304     /opt/android-studio/gradle/m2repository/org/apache/httpcomponents/httpmime/4.1/httpmime-4.1.jar
6143e000-6143f000 r--s 00005000 08:05 554614     /opt/android-studio/gradle/m2repository/com/android/tools/dvlib/25.0.0/dvlib-25.0.0.jar
6143f000-61447000 r--s 0004e000 08:05 554320     /opt/android-studio/gradle/m2repository/org/apache/httpcomponents/httpclient/4.1.1/httpclient-4.1.1.jar
61447000-6144a000 r--s 00013000 08:05 554589     /opt/android-studio/gradle/m2repository/com/android/tools/layoutlib/layoutlib-api/25.0.0/layoutlib-api-25.0.0.jar
6144a000-6144e000 r--s 00037000 08:05 554378     /opt/android-studio/gradle/m2repository/org/antlr/ST4/4.0.8/ST4-4.0.8.jar
6144e000-61451000 r--s 00026000 08:05 554392     /opt/android-studio/gradle/m2repository/org/antlr/antlr-runtime/3.5.2/antlr-runtime-3.5.2.jar
61451000-61452000 r--s 00002000 08:05 554475     /opt/android-studio/gradle/m2repository/com/tunnelvisionlabs/antlr4-annotations/4.5/antlr4-annotations-4.5.jar
61452000-61459000 r--s 00062000 08:05 554462     /opt/android-studio/gradle/m2repository/com/tunnelvisionlabs/antlr4-runtime/4.5/antlr4-runtime-4.5.jar
61459000-6146b000 r--s 00223000 08:05 554252     /opt/android-studio/gradle/m2repository/org/eclipse/jdt/core/compiler/ecj/4.4.2/ecj-4.4.2.jar
6146b000-61472000 r--s 000bd000 08:05 554536     /opt/android-studio/gradle/m2repository/com/android/tools/lint/lint-checks/25.0.0/lint-checks-25.0.0.jar
61472000-61474000 r--s 00005000 08:05 554664     /opt/android-studio/gradle/m2repository/com/android/tools/build/builder-model/2.0.0/builder-model-2.0.0.jar
61474000-61482000 r--s 00081000 08:05 554359     /opt/android-studio/gradle/m2repository/org/bouncycastle/bcpkix-jdk15on/1.48/bcpkix-jdk15on-1.48.jar
61482000-61485000 r--s 00028000 08:05 554692     /opt/android-studio/gradle/m2repository/com/android/tools/build/manifest-merger/25.0.0/manifest-merger-25.0.0.jar
61485000-6148a000 r--s 0004a000 08:05 554638     /opt/android-studio/gradle/m2repository/com/android/tools/ddms/ddmlib/25.0.0/ddmlib-25.0.0.jar
6148a000-61492000 r--s 0007c000 08:05 554602     /opt/android-studio/gradle/m2repository/com/android/tools/sdk-common/25.0.0/sdk-common-25.0.0.jar
61492000-61494000 r--s 00018000 08:05 554625     /opt/android-studio/gradle/m2repository/com/android/tools/common/25.0.0/common-25.0.0.jar
61494000-61496000 r--s 00002000 08:05 554489     /opt/android-studio/gradle/m2repository/com/squareup/javawriter/2.5.0/javawriter-2.5.0.jar
61496000-6149e000 r--s 00078000 08:05 554719     /opt/android-studio/gradle/m2repository/com/android/tools/sdklib/25.0.0/sdklib-25.0.0.jar
6149e000-614a0000 r--s 00002000 08:05 554518     /opt/android-studio/gradle/m2repository/com/android/tools/jack/jack-api/0.9.0/jack-api-0.9.0.jar
614a0000-614d3000 r--s 00203000 08:05 554365     /opt/android-studio/gradle/m2repository/org/bouncycastle/bcprov-jdk15on/1.48/bcprov-jdk15on-1.48.jar
614d3000-615d3000 rw-p 00000000 00:00 0 
615d3000-616d3000 rw-p 00000000 00:00 0 
616d3000-616d4000 r--s 00001000 08:05 554734     /opt/android-studio/gradle/m2repository/com/android/tools/jill/jill-api/0.9.0/jill-api-0.9.0.jar
616d4000-616d5000 r--s 00002000 08:05 554671     /opt/android-studio/gradle/m2repository/com/android/tools/build/builder-test-api/2.0.0/builder-test-api-2.0.0.jar
616d5000-61700000 r--s 001f9000 08:05 554507     /opt/android-studio/gradle/m2repository/com/google/guava/guava/17.0/guava-17.0.jar
61700000-61800000 rw-p 00000000 00:00 0 
61800000-618fa000 rw-p 00000000 00:00 0 
618fa000-61900000 ---p 00000000 00:00 0 
61900000-619fa000 rw-p 00000000 00:00 0 
619fa000-61a00000 ---p 00000000 00:00 0 
61a00000-61b00000 rw-p 00000000 00:00 0 
61b00000-61c00000 rw-p 00000000 00:00 0 
61c00000-61cfe000 rw-p 00000000 00:00 0 
61cfe000-61d00000 ---p 00000000 00:00 0 
61d00000-61e00000 rw-p 00000000 00:00 0 
61e00000-61efc000 rw-p 00000000 00:00 0 
61efc000-61f00000 ---p 00000000 00:00 0 
61f00000-61f10000 r--s 000d6000 08:05 554790     /opt/android-studio/gradle/m2repository/net/sf/proguard/proguard-base/5.2.1/proguard-base-5.2.1.jar
61f10000-61f11000 r--s 00001000 08:05 554577     /opt/android-studio/gradle/m2repository/com/android/tools/annotations/25.0.0/annotations-25.0.0.jar
61f11000-61f13000 r--s 00006000 08:05 554440     /opt/android-studio/gradle/m2repository/org/ow2/asm/asm-tree/5.0.3/asm-tree-5.0.3.jar
61f13000-61f17000 r--s 0002a000 08:05 554240     /opt/android-studio/gradle/m2repository/commons-io/commons-io/2.4/commons-io-2.4.jar
61f17000-61f21000 r--s 00099000 08:05 554469     /opt/android-studio/gradle/m2repository/com/tunnelvisionlabs/antlr4/4.5/antlr4-4.5.jar
61f21000-61f22000 r--s 00002000 08:05 554767     /opt/android-studio/gradle/m2repository/com/android/databinding/baseLibrary/2.0.0/baseLibrary-2.0.0.jar
61f22000-61f25000 r--s 00033000 08:05 554482     /opt/android-studio/gradle/m2repository/com/googlecode/juniversalchardet/juniversalchardet/1.0.3/juniversalchardet-1.0.3.jar
61f25000-61f2a000 r--s 00058000 08:05 554429     /opt/android-studio/gradle/m2repository/org/ow2/asm/asm-debug-all/5.0.1/asm-debug-all-5.0.1.jar
61f2a000-61f2c000 r--s 00023000 08:05 554523     /opt/android-studio/gradle/m2repository/com/android/tools/lint/lint/25.0.0/lint-25.0.0.jar
61f2c000-61f32000 r--s 00052000 08:05 554655     /opt/android-studio/gradle/m2repository/com/android/tools/build/builder/2.0.0/builder-2.0.0.jar
61f32000-61f33000 r--s 00002000 08:05 554801     /opt/android-studio/gradle/m2repository/net/sf/proguard/proguard-gradle/5.2.1/proguard-gradle-5.2.1.jar
61f33000-61f34000 r--s 0000c000 08:05 554422     /opt/android-studio/gradle/m2repository/org/ow2/asm/asm/5.0.3/asm-5.0.3.jar
61f34000-61f50000 r--s 00175000 08:05 554688     /opt/android-studio/gradle/m2repository/com/android/tools/build/gradle-core/2.0.0/gradle-core-2.0.0.jar
61f50000-61f53000 ---p 00000000 00:00 0 
61f53000-620a1000 rw-p 00000000 00:00 0          [stack:4576]
620a1000-621a1000 rw-p 00000000 00:00 0 
621a1000-622a1000 rw-p 00000000 00:00 0 
622a1000-623a1000 rw-p 00000000 00:00 0 
623a1000-6241a000 r--s 010e3000 08:05 558523     /usr/lib/jvm/java-8-oracle/lib/tools.jar
6241a000-6251a000 rw-p 00000000 00:00 0 
6251a000-6251d000 ---p 00000000 00:00 0 
6251d000-6256b000 rw-p 00000000 00:00 0          [stack:4571]
6256b000-6256e000 ---p 00000000 00:00 0 
6256e000-625bc000 rw-p 00000000 00:00 0          [stack:4568]
625bc000-625bf000 ---p 00000000 00:00 0 
625bf000-6260d000 rw-p 00000000 00:00 0          [stack:4567]
6260d000-62610000 ---p 00000000 00:00 0 
62610000-6265e000 rw-p 00000000 00:00 0          [stack:4566]
6265e000-62661000 ---p 00000000 00:00 0 
62661000-627af000 rw-p 00000000 00:00 0          [stack:4565]
627af000-627b2000 ---p 00000000 00:00 0 
627b2000-62900000 rw-p 00000000 00:00 0          [stack:4564]
62900000-62ad2000 rw-p 00000000 00:00 0 
62ad2000-62b00000 ---p 00000000 00:00 0 
62b00000-62bf9000 rw-p 00000000 00:00 0 
62bf9000-62c00000 ---p 00000000 00:00 0 
62c00000-62cfd000 rw-p 00000000 00:00 0 
62cfd000-62d00000 ---p 00000000 00:00 0 
62d00000-62d01000 r--s 00002000 08:05 554712     /opt/android-studio/gradle/m2repository/com/android/tools/build/gradle-api/2.0.0/gradle-api-2.0.0.jar
62d01000-62d03000 r--s 00009000 08:05 554453     /opt/android-studio/gradle/m2repository/org/ow2/asm/asm-commons/5.0.3/asm-commons-5.0.3.jar
62d03000-62d07000 r--s 0002a000 08:05 554751     /opt/android-studio/gradle/m2repository/com/android/databinding/compilerCommon/2.0.0/compilerCommon-2.0.0.jar
62d07000-62d08000 r--s 00000000 08:05 554707     /opt/android-studio/gradle/m2repository/com/android/tools/build/transform-api/2.0.0-deprecated-use-gradle-api/transform-api-2.0.0-deprecated-use-gradle-api.jar
62d08000-62d0c000 r--s 0001e000 08:05 554266     /opt/android-studio/gradle/m2repository/org/jacoco/org.jacoco.core/0.7.4.201502262128/org.jacoco.core-0.7.4.201502262128.jar
62d0c000-62d0e000 r--s 0000c000 08:05 554680     /opt/android-studio/gradle/m2repository/com/android/tools/build/gradle/2.0.0/gradle-2.0.0.jar
62d0e000-62d11000 ---p 00000000 00:00 0 
62d11000-62d27000 rw-p 00000000 00:00 0          [stack:4574]
62d27000-62d28000 r--p 00000000 00:00 0 
62d28000-62d2f000 r--s 00000000 08:05 673180     /usr/lib/i386-linux-gnu/gconv/gconv-modules.cache
62d2f000-62d33000 r--s 00097000 08:05 686077     /usr/lib/jvm/java-8-oracle/jre/lib/jsse.jar
62d33000-62d35000 r--s 00005000 08:05 554109     /opt/android-studio/gradle/gradle-2.10/lib/plugins/gradle-tooling-api-builders-2.10.jar
62d35000-62d45000 r--s 00088000 08:05 554142     /opt/android-studio/gradle/gradle-2.10/lib/plugins/joda-time-2.8.2.jar
62d45000-62d56000 r--s 000cf000 08:05 554178     /opt/android-studio/gradle/gradle-2.10/lib/plugins/jackson-databind-2.3.2.jar
62d56000-62d58000 r--s 00007000 08:05 554195     /opt/android-studio/gradle/gradle-2.10/lib/plugins/jackson-annotations-2.3.2.jar
62d58000-62d5b000 r--s 0002e000 08:05 554157     /opt/android-studio/gradle/gradle-2.10/lib/plugins/jackson-core-2.3.2.jar
62d5b000-62d66000 r--s 0006b000 08:05 554217     /opt/android-studio/gradle/gradle-2.10/lib/plugins/aws-java-sdk-core-1.9.19.jar
62d66000-62d6c000 r--s 00036000 08:05 554190     /opt/android-studio/gradle/gradle-2.10/lib/plugins/aws-java-sdk-kms-1.9.19.jar
62d6c000-62d77000 r--s 00079000 08:05 554116     /opt/android-studio/gradle/gradle-2.10/lib/plugins/aws-java-sdk-s3-1.9.19.jar
62d77000-62d78000 r--s 00003000 08:05 554119     /opt/android-studio/gradle/gradle-2.10/lib/plugins/gradle-resources-s3-2.10.jar
62d78000-62d79000 r--s 00004000 08:05 554148     /opt/android-studio/gradle/gradle-2.10/lib/plugins/gradle-resources-sftp-2.10.jar
62d79000-62d7b000 r--s 00005000 08:05 554162     /opt/android-studio/gradle/gradle-2.10/lib/plugins/gradle-testing-native-2.10.jar
62d7b000-62d80000 r--s 0002b000 08:05 554192     /opt/android-studio/gradle/gradle-2.10/lib/plugins/gradle-ide-native-2.10.jar
62d80000-62d85000 r--s 0001a000 08:05 554134     /opt/android-studio/gradle/gradle-2.10/lib/plugins/gradle-language-native-2.10.jar
62d85000-62d8a000 r--s 00028000 08:05 554129     /opt/android-studio/gradle/gradle-2.10/lib/plugins/gradle-platform-play-2.10.jar
62d8a000-62d97000 r--s 0004f000 08:05 554169     /opt/android-studio/gradle/gradle-2.10/lib/plugins/gradle-platform-native-2.10.jar
62d97000-62d9a000 r--s 00008000 08:05 554159     /opt/android-studio/gradle/gradle-2.10/lib/plugins/gradle-language-scala-2.10.jar
62d9a000-62d9c000 r--s 00009000 08:05 554131     /opt/android-studio/gradle/gradle-2.10/lib/plugins/gradle-language-groovy-2.10.jar
62d9c000-62da2000 r--s 00023000 08:05 554179     /opt/android-studio/gradle/gradle-2.10/lib/plugins/gradle-language-java-2.10.jar
62da2000-62da4000 r--s 00008000 08:05 554204     /opt/android-studio/gradle/gradle-2.10/lib/plugins/gradle-language-jvm-2.10.jar
62da4000-62da7000 r--s 00015000 08:05 554200     /opt/android-studio/gradle/gradle-2.10/lib/plugins/gradle-platform-jvm-2.10.jar
62da7000-62daf000 r--s 0002b000 08:05 554171     /opt/android-studio/gradle/gradle-2.10/lib/plugins/gradle-platform-base-2.10.jar
62daf000-62db3000 r--s 00020000 08:05 554207     /opt/android-studio/gradle/gradle-2.10/lib/plugins/gradle-build-init-2.10.jar
62db3000-62db6000 r--s 00017000 08:05 554160     /opt/android-studio/gradle/gradle-2.10/lib/plugins/gradle-jacoco-2.10.jar
62db6000-62db9000 r--s 0000e000 08:05 554146     /opt/android-studio/gradle/gradle-2.10/lib/plugins/gradle-ivy-2.10.jar
62db9000-62dbb000 r--s 00002000 08:05 554140     /opt/android-studio/gradle/gradle-2.10/lib/plugins/gradle-publish-2.10.jar
62dbb000-62dbd000 r--s 00005000 08:05 554164     /opt/android-studio/gradle/gradle-2.10/lib/plugins/jatl-0.2.2.jar
62dbd000-62dbf000 r--s 0000f000 08:05 554196     /opt/android-studio/gradle/gradle-2.10/lib/plugins/gradle-reporting-2.10.jar
62dbf000-62dc5000 r--s 00036000 08:05 554184     /opt/android-studio/gradle/gradle-2.10/lib/plugins/gradle-diagnostics-2.10.jar
62dc5000-62dcc000 r--s 0008f000 08:05 554126     /opt/android-studio/gradle/gradle-2.10/lib/plugins/gradle-build-comparison-2.10.jar
62dcc000-62dd3000 r--s 00035000 08:05 554177     /opt/android-studio/gradle/gradle-2.10/lib/plugins/simple-4.1.21.jar
62dd3000-62ddf000 r--s 00100000 08:05 554206     /opt/android-studio/gradle/gradle-2.10/lib/plugins/rhino-1.7R3.jar
62ddf000-62de3000 r--s 0001c000 08:05 554218     /opt/android-studio/gradle/gradle-2.10/lib/plugins/gradle-javascript-2.10.jar
62de3000-62de5000 r--s 0000b000 08:05 554147     /opt/android-studio/gradle/gradle-2.10/lib/plugins/gradle-ear-2.10.jar
62de5000-62dec000 r--s 00038000 08:05 554166     /opt/android-studio/gradle/gradle-2.10/lib/plugins/bcpg-jdk15on-1.51.jar
62dec000-62dee000 r--s 00017000 08:05 554168     /opt/android-studio/gradle/gradle-2.10/lib/plugins/gradle-signing-2.10.jar
62dee000-62df1000 r--s 00015000 08:05 554133     /opt/android-studio/gradle/gradle-2.10/lib/plugins/gradle-sonar-2.10.jar
62df1000-62e00000 r--s 0009f000 08:05 554202     /opt/android-studio/gradle/gradle-2.10/lib/plugins/gradle-ide-2.10.jar
62e00000-62eff000 rw-p 00000000 00:00 0 
62eff000-62f00000 ---p 00000000 00:00 0 
62f00000-62ff9000 rw-p 00000000 00:00 0 
62ff9000-63000000 ---p 00000000 00:00 0 
63000000-63001000 r--s 00001000 08:05 554132     /opt/android-studio/gradle/gradle-2.10/lib/plugins/gradle-plugin-development-2.10.jar
63001000-63002000 r--s 00002000 08:05 554111     /opt/android-studio/gradle/gradle-2.10/lib/plugins/sonar-batch-bootstrapper-2.9.jar
63002000-63005000 r--s 00010000 08:05 554189     /opt/android-studio/gradle/gradle-2.10/lib/plugins/gradle-scala-2.10.jar
63005000-63007000 r--s 0000a000 08:05 554117     /opt/android-studio/gradle/gradle-2.10/lib/plugins/gradle-announce-2.10.jar
63007000-6300a000 r--s 0000c000 08:05 554158     /opt/android-studio/gradle/gradle-2.10/lib/plugins/pmaven-groovy-0.8-20100325.jar
6300a000-6300b000 r--s 00004000 08:05 554180     /opt/android-studio/gradle/gradle-2.10/lib/plugins/pmaven-common-0.8-20100325.jar
6300b000-63011000 r--s 00022000 08:05 554110     /opt/android-studio/gradle/gradle-2.10/lib/plugins/gradle-maven-2.10.jar
63011000-63032000 r--s 001c3000 08:05 554154     /opt/android-studio/gradle/gradle-2.10/lib/plugins/bndlib-2.4.0.jar
63032000-63034000 r--s 00004000 08:05 554174     /opt/android-studio/gradle/gradle-2.10/lib/plugins/gradle-osgi-2.10.jar
63034000-63036000 r--s 00008000 08:05 554137     /opt/android-studio/gradle/gradle-2.10/lib/plugins/gradle-antlr-2.10.jar
63036000-63039000 r--s 0001e000 08:05 554173     /opt/android-studio/gradle/gradle-2.10/lib/plugins/jsp-api-2.1-6.1.14.jar
63039000-6305c000 r--s 00344000 08:05 554199     /opt/android-studio/gradle/gradle-2.10/lib/plugins/core-3.1.1.jar
6305c000-6305d000 r--s 00006000 08:05 554219     /opt/android-studio/gradle/gradle-2.10/lib/plugins/jetty-naming-6.1.25.jar
6305d000-6305e000 r--s 00002000 08:05 554152     /opt/android-studio/gradle/gradle-2.10/lib/plugins/geronimo-annotation_1.0_spec-1.0.jar
6305e000-63060000 r--s 00002000 08:05 554165     /opt/android-studio/gradle/gradle-2.10/lib/plugins/jetty-annotations-6.1.25.jar
63060000-63071000 r--s 000ea000 08:05 554183     /opt/android-studio/gradle/gradle-2.10/lib/plugins/jsp-2.1-6.1.14.jar
63071000-63073000 r--s 0000d000 08:05 554136     /opt/android-studio/gradle/gradle-2.10/lib/plugins/jetty-plus-6.1.25.jar
63073000-63075000 r--s 0001f000 08:05 554155     /opt/android-studio/gradle/gradle-2.10/lib/plugins/servlet-api-2.5-20081211.jar
63075000-63079000 r--s 00028000 08:05 554112     /opt/android-studio/gradle/gradle-2.10/lib/plugins/jetty-util-6.1.25.jar
63079000-63080000 r--s 0007d000 08:05 554185     /opt/android-studio/gradle/gradle-2.10/lib/plugins/jetty-6.1.25.jar
63080000-63082000 r--s 00009000 08:05 554163     /opt/android-studio/gradle/gradle-2.10/lib/plugins/gradle-jetty-2.10.jar
63082000-63088000 r--s 00037000 08:05 554127     /opt/android-studio/gradle/gradle-2.10/lib/plugins/gradle-code-quality-2.10.jar
63088000-6308a000 r--s 00009000 08:05 554153     /opt/android-studio/gradle/gradle-2.10/lib/plugins/hamcrest-core-1.3.jar
6308a000-63090000 r--s 00033000 08:05 554186     /opt/android-studio/gradle/gradle-2.10/lib/plugins/snakeyaml-1.6.jar
63090000-63092000 r--s 00006000 08:05 554138     /opt/android-studio/gradle/gradle-2.10/lib/plugins/jcommander-1.12.jar
63092000-63097000 r--s 00040000 08:05 554197     /opt/android-studio/gradle/gradle-2.10/lib/plugins/bsh-2.0b4.jar
63097000-63099000 r--s 00009000 08:05 554125     /opt/android-studio/gradle/gradle-2.10/lib/plugins/commons-cli-1.2.jar
63099000-630a2000 r--s 00089000 08:05 554150     /opt/android-studio/gradle/gradle-2.10/lib/plugins/testng-6.3.1.jar
630a2000-630aa000 r--s 00045000 08:05 554211     /opt/android-studio/gradle/gradle-2.10/lib/plugins/junit-4.12.jar
630aa000-630b7000 r--s 00073000 08:05 554156     /opt/android-studio/gradle/gradle-2.10/lib/plugins/gradle-plugins-2.10.jar
630b7000-630cf000 r--s 00115000 08:05 554181     /opt/android-studio/gradle/gradle-2.10/lib/plugins/xercesImpl-2.9.1.jar
630cf000-630d7000 r--s 00028000 08:05 554167     /opt/android-studio/gradle/gradle-2.10/lib/plugins/xml-apis-1.3.04.jar
630d7000-630dd000 r--s 0005b000 08:05 554124     /opt/android-studio/gradle/gradle-2.10/lib/plugins/jcifs-1.3.17.jar
630dd000-630e3000 r--s 00031000 08:05 554139     /opt/android-studio/gradle/gradle-2.10/lib/plugins/httpcore-4.2.2.jar
630e3000-630e9000 r--s 00033000 08:05 554120     /opt/android-studio/gradle/gradle-2.10/lib/plugins/commons-codec-1.6.jar
630e9000-630ec000 r--s 0001c000 08:05 554213     /opt/android-studio/gradle/gradle-2.10/lib/plugins/nekohtml-1.9.14.jar
630ec000-630f5000 r--s 00060000 08:05 554151     /opt/android-studio/gradle/gradle-2.10/lib/plugins/httpclient-4.2.2.jar
630f5000-630f8000 r--s 00011000 08:05 554130     /opt/android-studio/gradle/gradle-2.10/lib/plugins/gradle-plugin-use-2.10.jar
630f8000-630fc000 r--s 00033000 08:05 554205     /opt/android-studio/gradle/gradle-2.10/lib/plugins/plexus-utils-2.0.6.jar
630fc000-63100000 r--s 00021000 08:05 554161     /opt/android-studio/gradle/gradle-2.10/lib/plugins/maven-model-builder-3.0.4.jar
63100000-631fa000 rw-p 00000000 00:00 0 
631fa000-63200000 ---p 00000000 00:00 0 
63200000-63202000 r--s 00009000 08:05 554198     /opt/android-studio/gradle/gradle-2.10/lib/plugins/gradle-resources-http-2.10.jar
63202000-63203000 r--s 00007000 08:05 554182     /opt/android-studio/gradle/gradle-2.10/lib/plugins/wagon-http-shared4-2.4.jar
63203000-63204000 r--s 00002000 08:05 554194     /opt/android-studio/gradle/gradle-2.10/lib/plugins/wagon-file-2.4.jar
63204000-63206000 r--s 00002000 08:05 554216     /opt/android-studio/gradle/gradle-2.10/lib/plugins/plexus-cipher-1.7.jar
63206000-63209000 r--s 00013000 08:05 554214     /opt/android-studio/gradle/gradle-2.10/lib/plugins/aether-api-1.13.1.jar
63209000-6320b000 r--s 0000a000 08:05 554175     /opt/android-studio/gradle/gradle-2.10/lib/plugins/maven-settings-3.0.4.jar
6320b000-6320d000 r--s 0000d000 08:05 554108     /opt/android-studio/gradle/gradle-2.10/lib/plugins/plexus-interpolation-1.14.jar
6320d000-6320f000 r--s 0000b000 08:05 554143     /opt/android-studio/gradle/gradle-2.10/lib/plugins/maven-artifact-3.0.4.jar
6320f000-63216000 r--s 0002e000 08:05 554170     /opt/android-studio/gradle/gradle-2.10/lib/plugins/plexus-container-default-1.5.5.jar
63216000-63218000 r--s 0000b000 08:05 554193     /opt/android-studio/gradle/gradle-2.10/lib/plugins/maven-plugin-api-3.0.4.jar
63218000-632f4000 r-xp 00000000 08:05 659055     /usr/lib/i386-linux-gnu/libstdc++.so.6.0.19
632f4000-632f8000 r--p 000dc000 08:05 659055     /usr/lib/i386-linux-gnu/libstdc++.so.6.0.19
632f8000-632f9000 rw-p 000e0000 08:05 659055     /usr/lib/i386-linux-gnu/libstdc++.so.6.0.19
632f9000-63300000 rw-p 00000000 00:00 0 
63300000-63400000 rw-p 00000000 00:00 0 
63400000-63500000 rw-p 00000000 00:00 0 
63500000-63502000 r--s 00000000 08:05 554144     /opt/android-studio/gradle/gradle-2.10/lib/plugins/plexus-component-annotations-1.5.5.jar
63502000-63508000 r--s 0003f000 08:05 554145     /opt/android-studio/gradle/gradle-2.10/lib/plugins/maven-compat-3.0.4.jar
63508000-6350b000 r--s 00008000 08:05 554212     /opt/android-studio/gradle/gradle-2.10/lib/plugins/maven-settings-builder-3.0.4.jar
6350b000-6350c000 r--s 00002000 08:05 554113     /opt/android-studio/gradle/gradle-2.10/lib/plugins/wagon-http-2.4.jar
6350c000-6350e000 r--s 00026000 08:05 554209     /opt/android-studio/gradle/gradle-2.10/lib/plugins/maven-model-3.0.4.jar
6350e000-63510000 r--s 00006000 08:05 554210     /opt/android-studio/gradle/gradle-2.10/lib/plugins/aether-connector-wagon-1.13.1.jar
63510000-63512000 r--s 0000a000 08:05 554128     /opt/android-studio/gradle/gradle-2.10/lib/plugins/plexus-classworlds-2.4.jar
63512000-63514000 r--s 00006000 08:05 554191     /opt/android-studio/gradle/gradle-2.10/lib/plugins/maven-repository-metadata-3.0.4.jar
63514000-63516000 r--s 0000c000 08:05 554114     /opt/android-studio/gradle/gradle-2.10/lib/plugins/maven-aether-provider-3.0.4.jar
63516000-63518000 r--s 0000b000 08:05 554115     /opt/android-studio/gradle/gradle-2.10/lib/plugins/wagon-provider-api-2.4.jar
63518000-63519000 r--s 00003000 08:05 554172     /opt/android-studio/gradle/gradle-2.10/lib/plugins/aether-spi-1.13.1.jar
63519000-6351d000 r--s 0001c000 08:05 554176     /opt/android-studio/gradle/gradle-2.10/lib/plugins/aether-util-1.13.1.jar
6351d000-63520000 r--s 0001d000 08:05 554135     /opt/android-studio/gradle/gradle-2.10/lib/plugins/aether-impl-1.13.1.jar
63520000-63521000 r--s 00006000 08:05 554188     /opt/android-studio/gradle/gradle-2.10/lib/plugins/plexus-sec-dispatcher-1.3.jar
63521000-63526000 r--s 00040000 08:05 554149     /opt/android-studio/gradle/gradle-2.10/lib/plugins/jsch-0.1.53.jar
63526000-63566000 r--s 00277000 08:05 554201     /opt/android-studio/gradle/gradle-2.10/lib/plugins/bcprov-jdk15on-1.51.jar
63566000-6356a000 r--s 0001d000 08:05 554203     /opt/android-studio/gradle/gradle-2.10/lib/plugins/xbean-reflect-3.4.jar
6356a000-63576000 r--s 0007d000 08:05 554118     /opt/android-studio/gradle/gradle-2.10/lib/plugins/maven-core-3.0.4.jar
63576000-63592000 r--s 000c9000 08:05 554215     /opt/android-studio/gradle/gradle-2.10/lib/plugins/gradle-dependency-management-2.10.jar
63592000-635ae000 r-xp 00000000 08:05 541579     /lib/i386-linux-gnu/libgcc_s.so.1
635ae000-635af000 rw-p 0001b000 08:05 541579     /lib/i386-linux-gnu/libgcc_s.so.1
635af000-635b4000 r--s 0002a000 08:05 554208     /opt/android-studio/gradle/gradle-2.10/lib/plugins/gson-2.2.4.jar
635b4000-635c3000 r--s 000d9000 08:05 554187     /opt/android-studio/gradle/gradle-2.10/lib/plugins/ivy-2.2.0.jar
635c3000-635c7000 r-xp 00000000 08:05 407308     /home/tatiana/.gradle/native/19/linux-i386/libnative-platform.so
635c7000-635c8000 rw-p 00003000 08:05 407308     /home/tatiana/.gradle/native/19/linux-i386/libnative-platform.so
635c8000-635d7000 r-xp 00000000 08:05 686031     /usr/lib/jvm/java-8-oracle/jre/lib/i386/libnio.so
635d7000-635d8000 rw-p 0000e000 08:05 686031     /usr/lib/jvm/java-8-oracle/jre/lib/i386/libnio.so
635d8000-635ed000 r-xp 00000000 08:05 686003     /usr/lib/jvm/java-8-oracle/jre/lib/i386/libnet.so
635ed000-635ee000 rw-p 00015000 08:05 686003     /usr/lib/jvm/java-8-oracle/jre/lib/i386/libnet.so
635ee000-635ef000 r--s 00006000 08:05 554076     /opt/android-studio/gradle/gradle-2.10/lib/gradle-wrapper-2.10.jar
635ef000-635fa000 r--s 0003b000 08:05 554100     /opt/android-studio/gradle/gradle-2.10/lib/gradle-tooling-api-2.10.jar
635fa000-63600000 r--s 00032000 08:05 554099     /opt/android-studio/gradle/gradle-2.10/lib/jaxen-1.1.jar
63600000-636fb000 rw-p 00000000 00:00 0 
636fb000-63700000 ---p 00000000 00:00 0 
63700000-63702000 r--s 00002000 08:05 554080     /opt/android-studio/gradle/gradle-2.10/lib/gradle-open-api-2.10.jar
63702000-63707000 r--s 00048000 08:05 554073     /opt/android-studio/gradle/gradle-2.10/lib/dom4j-1.6.1.jar
63707000-63712000 r--s 00059000 08:05 554098     /opt/android-studio/gradle/gradle-2.10/lib/gradle-ui-2.10.jar
63712000-63715000 r--s 00008000 08:05 554222     /opt/android-studio/gradle/gradle-2.10/lib/gradle-resources-2.10.jar
63715000-63717000 r--s 00007000 08:05 554101     /opt/android-studio/gradle/gradle-2.10/lib/objenesis-1.2.jar
63717000-63719000 r--s 00000000 08:05 554102     /opt/android-studio/gradle/gradle-2.10/lib/minlog-1.2.jar
63719000-6371b000 r--s 0000f000 08:05 554105     /opt/android-studio/gradle/gradle-2.10/lib/reflectasm-1.07-shaded.jar
6371b000-6371f000 r--s 00026000 08:05 554221     /opt/android-studio/gradle/gradle-2.10/lib/kryo-2.20.jar
6371f000-63728000 r--s 0003f000 08:05 554090     /opt/android-studio/gradle/gradle-2.10/lib/gradle-messaging-2.10.jar
63728000-63729000 r--s 00003000 08:05 554106     /opt/android-studio/gradle/gradle-2.10/lib/native-platform-freebsd-amd64-0.10.jar
63729000-6372a000 r--s 00003000 08:05 554091     /opt/android-studio/gradle/gradle-2.10/lib/native-platform-freebsd-i386-0.10.jar
6372a000-6372b000 r--s 00005000 08:05 554096     /opt/android-studio/gradle/gradle-2.10/lib/native-platform-windows-i386-0.10.jar
6372b000-6372c000 r--s 00005000 08:05 554070     /opt/android-studio/gradle/gradle-2.10/lib/native-platform-windows-amd64-0.10.jar
6372c000-6372d000 r--s 00003000 08:05 554072     /opt/android-studio/gradle/gradle-2.10/lib/native-platform-linux-i386-0.10.jar
6372d000-6372e000 r--s 00003000 08:05 554079     /opt/android-studio/gradle/gradle-2.10/lib/native-platform-linux-amd64-0.10.jar
6372e000-6372f000 r--s 00002000 08:05 554224     /opt/android-studio/gradle/gradle-2.10/lib/native-platform-osx-amd64-0.10.jar
6372f000-63731000 r--s 00008000 08:05 554088     /opt/android-studio/gradle/gradle-2.10/lib/jansi-1.2.1.jar
63731000-63734000 r--s 0000d000 08:05 554103     /opt/android-studio/gradle/gradle-2.10/lib/native-platform-0.10.jar
63734000-63738000 r--s 000e4000 08:05 554071     /opt/android-studio/gradle/gradle-2.10/lib/jna-3.2.7.jar
63738000-6373a000 r--s 00008000 08:05 554095     /opt/android-studio/gradle/gradle-2.10/lib/gradle-native-2.10.jar
6373a000-637a9000 r--s 0063e000 08:05 554097     /opt/android-studio/gradle/gradle-2.10/lib/groovy-all-2.4.4.jar
637a9000-637aa000 ---p 00000000 00:00 0 
637aa000-6382a000 rw-p 00000000 00:00 0          [stack:4562]
6382a000-6382d000 ---p 00000000 00:00 0 
6382d000-6387b000 rw-p 00000000 00:00 0          [stack:4561]
6387b000-6387e000 ---p 00000000 00:00 0 
6387e000-638fc000 rw-p 00000000 00:00 0          [stack:4560]
638fc000-638ff000 ---p 00000000 00:00 0 
638ff000-6397d000 rw-p 00000000 00:00 0          [stack:4559]
6397d000-63980000 ---p 00000000 00:00 0 
63980000-639ce000 rw-p 00000000 00:00 0          [stack:4558]
639ce000-63b00000 r--p 00782000 08:05 661801     /usr/lib/locale/locale-archive
63b00000-63d00000 r--p 00000000 08:05 661801     /usr/lib/locale/locale-archive
63d00000-63dfb000 rw-p 00000000 00:00 0 
63dfb000-63e00000 ---p 00000000 00:00 0 
63e00000-63e01000 r--s 00002000 08:05 554089     /opt/android-studio/gradle/gradle-2.10/lib/native-platform-osx-i386-0.10.jar
63e01000-63e03000 r--s 00005000 08:05 554094     /opt/android-studio/gradle/gradle-2.10/lib/gradle-cli-2.10.jar
63e03000-63e05000 r--s 00005000 08:05 554074     /opt/android-studio/gradle/gradle-2.10/lib/gradle-base-services-groovy-2.10.jar
63e05000-63e12000 r--s 00073000 08:05 554077     /opt/android-studio/gradle/gradle-2.10/lib/gradle-model-core-2.10.jar
63e12000-63e3a000 r--s 001cf000 08:05 554085     /opt/android-studio/gradle/gradle-2.10/lib/guava-jdk5-17.0.jar
63e3a000-63e3d000 ---p 00000000 00:00 0 
63e3d000-63e8b000 rw-p 00000000 00:00 0          [stack:4557]
63e8b000-63e8e000 ---p 00000000 00:00 0 
63e8e000-63edc000 rw-p 00000000 00:00 0          [stack:4556]
63edc000-640b4000 r--s 03d1e000 08:05 686124     /usr/lib/jvm/java-8-oracle/jre/lib/rt.jar
640b4000-644fa000 rw-p 00000000 00:00 0 
644fa000-64500000 ---p 00000000 00:00 0 
64500000-66900000 rw-p 00000000 00:00 0 
66900000-669fb000 rw-p 00000000 00:00 0 
669fb000-66a00000 ---p 00000000 00:00 0 
66a00000-66a01000 r--s 00007000 08:05 554223     /opt/android-studio/gradle/gradle-2.10/lib/gradle-model-groovy-2.10.jar
66a01000-66a03000 r--s 00003000 08:05 554083     /opt/android-studio/gradle/gradle-2.10/lib/jcl-over-slf4j-1.7.10.jar
66a03000-66a11000 r--s 0007f000 08:05 554104     /opt/android-studio/gradle/gradle-2.10/lib/commons-collections-3.2.1.jar
66a11000-66a30000 r--s 001cc000 08:05 554078     /opt/android-studio/gradle/gradle-2.10/lib/ant-1.9.3.jar
66a30000-66a31000 ---p 00000000 00:00 0 
66a31000-66b00000 rw-p 00000000 00:00 0          [stack:4555]
66b00000-66b4b000 rw-p 00000000 00:00 0 
66b4b000-66c00000 ---p 00000000 00:00 0 
66c00000-66c03000 r--s 0001b000 08:05 554081     /opt/android-studio/gradle/gradle-2.10/lib/jarjar-1.3.jar
66c03000-66c08000 r--s 00036000 08:05 554092     /opt/android-studio/gradle/gradle-2.10/lib/asm-all-5.0.3.jar
66c08000-66c0d000 r--s 00041000 08:05 554075     /opt/android-studio/gradle/gradle-2.10/lib/commons-lang-2.6.jar
66c0d000-66c17000 r--s 00116000 08:05 685903     /usr/lib/jvm/java-8-oracle/jre/lib/ext/localedata.jar
66c17000-66c4e000 r--s 001bc000 08:05 554086     /opt/android-studio/gradle/gradle-2.10/lib/gradle-core-2.10.jar
66c4e000-66cbf000 rw-p 00000000 00:00 0 
66cbf000-66dff000 ---p 00000000 00:00 0 
66dff000-66e15000 rw-p 00000000 00:00 0 
66e15000-66f54000 ---p 00000000 00:00 0 
66f54000-66fa6000 rw-p 00000000 00:00 0 
66fa6000-66fff000 ---p 00000000 00:00 0 
66fff000-69c00000 rw-p 00000000 00:00 0 
69c00000-91ac0000 ---p 00000000 00:00 0 
91ac0000-9be00000 rw-p 00000000 00:00 0 
9e6b4000-9e851000 rw-p 00000000 00:00 0 
9e851000-9e880000 r--p 00000000 08:05 17700      /usr/share/locale-langpack/ru/LC_MESSAGES/libc.mo
9e880000-a7000000 ---p 00000000 00:00 0 
a7000000-a7001000 r--s 00000000 08:05 554228     /opt/android-studio/gradle/gradle-2.10/lib/gradle-docs-2.10.jar
a7001000-a7003000 r--s 00000000 08:05 554220     /opt/android-studio/gradle/gradle-2.10/lib/jul-to-slf4j-1.7.10.jar
a7003000-a701f000 r--s 00393000 08:05 685899     /usr/lib/jvm/java-8-oracle/jre/lib/ext/cldrdata.jar
a701f000-a7026000 r--s 00034000 08:05 554227     /opt/android-studio/gradle/gradle-2.10/lib/gradle-base-services-2.10.jar
a7026000-a703e000 rw-p 00000000 00:00 0 
a703e000-a703f000 ---p 00000000 00:00 0 
a703f000-a70bf000 rw-p 00000000 00:00 0          [stack:4554]
a70bf000-a70c0000 ---p 00000000 00:00 0 
a70c0000-a7176000 rw-p 00000000 00:00 0          [stack:4553]
a7176000-a7500000 ---p 00000000 00:00 0 
a7500000-a8248000 rwxp 00000000 00:00 0 
a8248000-b6500000 ---p 00000000 00:00 0 
b6500000-b65f9000 rw-p 00000000 00:00 0 
b65f9000-b6600000 ---p 00000000 00:00 0 
b6600000-b6601000 r--s 00005000 08:05 554225     /opt/android-studio/gradle/gradle-2.10/lib/log4j-over-slf4j-1.7.10.jar
b6601000-b661a000 r-xp 00000000 08:05 686012     /usr/lib/jvm/java-8-oracle/jre/lib/i386/libzip.so
b661a000-b661b000 rw-p 00019000 08:05 686012     /usr/lib/jvm/java-8-oracle/jre/lib/i386/libzip.so
b661b000-b6626000 r-xp 00000000 08:05 530028     /lib/i386-linux-gnu/libnss_files-2.19.so
b6626000-b6627000 r--p 0000a000 08:05 530028     /lib/i386-linux-gnu/libnss_files-2.19.so
b6627000-b6628000 rw-p 0000b000 08:05 530028     /lib/i386-linux-gnu/libnss_files-2.19.so
b6628000-b6632000 r-xp 00000000 08:05 529857     /lib/i386-linux-gnu/libnss_nis-2.19.so
b6632000-b6633000 r--p 00009000 08:05 529857     /lib/i386-linux-gnu/libnss_nis-2.19.so
b6633000-b6634000 rw-p 0000a000 08:05 529857     /lib/i386-linux-gnu/libnss_nis-2.19.so
b6634000-b6649000 r-xp 00000000 08:05 530033     /lib/i386-linux-gnu/libnsl-2.19.so
b6649000-b664a000 r--p 00015000 08:05 530033     /lib/i386-linux-gnu/libnsl-2.19.so
b664a000-b664b000 rw-p 00016000 08:05 530033     /lib/i386-linux-gnu/libnsl-2.19.so
b664b000-b664d000 rw-p 00000000 00:00 0 
b664d000-b6654000 r-xp 00000000 08:05 529850     /lib/i386-linux-gnu/libnss_compat-2.19.so
b6654000-b6655000 r--p 00006000 08:05 529850     /lib/i386-linux-gnu/libnss_compat-2.19.so
b6655000-b6656000 rw-p 00007000 08:05 529850     /lib/i386-linux-gnu/libnss_compat-2.19.so
b6656000-b6657000 r--s 00000000 08:05 554093     /opt/android-studio/gradle/gradle-2.10/lib/javax.inject-1.jar
b6657000-b6658000 r--s 00000000 08:05 554087     /opt/android-studio/gradle/gradle-2.10/lib/jcip-annotations-1.0.jar
b6658000-b6662000 r--s 0004a000 08:05 554226     /opt/android-studio/gradle/gradle-2.10/lib/gradle-launcher-2.10.jar
b6662000-b666a000 rw-s 00000000 08:05 657800     /tmp/hsperfdata_tatiana/4549
b666a000-b668e000 r-xp 00000000 08:05 686025     /usr/lib/jvm/java-8-oracle/jre/lib/i386/libjava.so
b668e000-b668f000 rw-p 00023000 08:05 686025     /usr/lib/jvm/java-8-oracle/jre/lib/i386/libjava.so
b668f000-b6696000 r-xp 00000000 08:05 529993     /lib/i386-linux-gnu/librt-2.19.so
b6696000-b6697000 r--p 00006000 08:05 529993     /lib/i386-linux-gnu/librt-2.19.so
b6697000-b6698000 rw-p 00007000 08:05 529993     /lib/i386-linux-gnu/librt-2.19.so
b6698000-b669b000 ---p 00000000 00:00 0 
b669b000-b66e9000 rw-p 00000000 00:00 0          [stack:4552]
b66e9000-b672d000 r-xp 00000000 08:05 529722     /lib/i386-linux-gnu/libm-2.19.so
b672d000-b672e000 r--p 00043000 08:05 529722     /lib/i386-linux-gnu/libm-2.19.so
b672e000-b672f000 rw-p 00044000 08:05 529722     /lib/i386-linux-gnu/libm-2.19.so
b672f000-b70b0000 r-xp 00000000 08:05 686039     /usr/lib/jvm/java-8-oracle/jre/lib/i386/server/libjvm.so
b70b0000-b711d000 rw-p 00980000 08:05 686039     /usr/lib/jvm/java-8-oracle/jre/lib/i386/server/libjvm.so
b711d000-b7546000 rw-p 00000000 00:00 0 
b7546000-b76ee000 r-xp 00000000 08:05 529979     /lib/i386-linux-gnu/libc-2.19.so
b76ee000-b76f0000 r--p 001a8000 08:05 529979     /lib/i386-linux-gnu/libc-2.19.so
b76f0000-b76f1000 rw-p 001aa000 08:05 529979     /lib/i386-linux-gnu/libc-2.19.so
b76f1000-b76f4000 rw-p 00000000 00:00 0 
b76f4000-b76f7000 r-xp 00000000 08:05 529858     /lib/i386-linux-gnu/libdl-2.19.so
b76f7000-b76f8000 r--p 00002000 08:05 529858     /lib/i386-linux-gnu/libdl-2.19.so
b76f8000-b76f9000 rw-p 00003000 08:05 529858     /lib/i386-linux-gnu/libdl-2.19.so
b76f9000-b770d000 r-xp 00000000 08:05 558521     /usr/lib/jvm/java-8-oracle/lib/i386/jli/libjli.so
b770d000-b770e000 rw-p 00014000 08:05 558521     /usr/lib/jvm/java-8-oracle/lib/i386/jli/libjli.so
b770e000-b770f000 rw-p 00000000 00:00 0 
b770f000-b7727000 r-xp 00000000 08:05 529853     /lib/i386-linux-gnu/libpthread-2.19.so
b7727000-b7728000 r--p 00018000 08:05 529853     /lib/i386-linux-gnu/libpthread-2.19.so
b7728000-b7729000 rw-p 00019000 08:05 529853     /lib/i386-linux-gnu/libpthread-2.19.so
b7729000-b772b000 rw-p 00000000 00:00 0 
b772b000-b772f000 r--s 00027000 08:05 554082     /opt/android-studio/gradle/gradle-2.10/lib/commons-io-2.2.jar
b772f000-b7730000 r--s 00007000 08:05 554069     /opt/android-studio/gradle/gradle-2.10/lib/slf4j-api-1.7.10.jar
b7730000-b7731000 r--s 00004000 08:05 554084     /opt/android-studio/gradle/gradle-2.10/lib/ant-launcher-1.9.3.jar
b7731000-b7732000 rw-p 00000000 00:00 0 
b7732000-b7733000 ---p 00000000 00:00 0 
b7733000-b773e000 r-xp 00000000 08:05 685990     /usr/lib/jvm/java-8-oracle/jre/lib/i386/libverify.so
b773e000-b773f000 rw-p 0000b000 08:05 685990     /usr/lib/jvm/java-8-oracle/jre/lib/i386/libverify.so
b773f000-b7741000 rw-p 00000000 00:00 0 
b7741000-b7743000 r--p 00000000 00:00 0          [vvar]
b7743000-b7745000 r-xp 00000000 00:00 0          [vdso]
b7745000-b7765000 r-xp 00000000 08:05 530030     /lib/i386-linux-gnu/ld-2.19.so
b7765000-b7766000 r--p 0001f000 08:05 530030     /lib/i386-linux-gnu/ld-2.19.so
b7766000-b7767000 rw-p 00020000 08:05 530030     /lib/i386-linux-gnu/ld-2.19.so
bfc23000-bfc24000 rwxp 00000000 00:00 0 
bfc56000-bfc77000 rw-p 00000000 00:00 0          [stack]

VM Arguments:
jvm_args: -XX:MaxPermSize=256m -XX:+HeapDumpOnOutOfMemoryError -Xmx1024m -Dfile.encoding=UTF-8 -Duser.country=RU -Duser.language=ru -Duser.variant 
java_command: org.gradle.launcher.daemon.bootstrap.GradleDaemon 2.10
java_class_path (initial): /opt/android-studio/gradle/gradle-2.10/lib/gradle-launcher-2.10.jar
Launcher Type: SUN_STANDARD

Environment Variables:
PATH=/usr/local/sbin:/usr/local/bin:/usr/sbin:/usr/bin:/sbin:/bin:/usr/games:/usr/local/games
LD_LIBRARY_PATH=/opt/android-studio/bin:
SHELL=/bin/bash
DISPLAY=:0

Signal Handlers:
SIGSEGV: [libjvm.so+0x8cea40], sa_mask[0]=11111111011111111101111111111110, sa_flags=SA_RESTART|SA_SIGINFO
SIGBUS: [libjvm.so+0x8cea40], sa_mask[0]=11111111011111111101111111111110, sa_flags=SA_RESTART|SA_SIGINFO
SIGFPE: [libjvm.so+0x74e9d0], sa_mask[0]=11111111011111111101111111111110, sa_flags=SA_RESTART|SA_SIGINFO
SIGPIPE: [libjvm.so+0x74e9d0], sa_mask[0]=11111111011111111101111111111110, sa_flags=SA_RESTART|SA_SIGINFO
SIGXFSZ: [libjvm.so+0x74e9d0], sa_mask[0]=11111111011111111101111111111110, sa_flags=SA_RESTART|SA_SIGINFO
SIGILL: [libjvm.so+0x74e9d0], sa_mask[0]=11111111011111111101111111111110, sa_flags=SA_RESTART|SA_SIGINFO
SIGUSR1: SIG_DFL, sa_mask[0]=00000000000000000000000000000000, sa_flags=none
SIGUSR2: [libjvm.so+0x750050], sa_mask[0]=00100000000000000000000000000000, sa_flags=SA_RESTART|SA_SIGINFO
SIGHUP: [libjvm.so+0x751500], sa_mask[0]=11111111011111111101111111111110, sa_flags=SA_RESTART|SA_SIGINFO
SIGINT: [libjvm.so+0x751500], sa_mask[0]=11111111011111111101111111111110, sa_flags=SA_RESTART|SA_SIGINFO
SIGTERM: [libjvm.so+0x751500], sa_mask[0]=11111111011111111101111111111110, sa_flags=SA_RESTART|SA_SIGINFO
SIGQUIT: [libjvm.so+0x751500], sa_mask[0]=11111111011111111101111111111110, sa_flags=SA_RESTART|SA_SIGINFO


---------------  S Y S T E M  ---------------

OS:DISTRIB_ID="elementary OS"
DISTRIB_RELEASE=0.3.2
DISTRIB_CODENAME=freya
DISTRIB_DESCRIPTION="elementary OS Freya"

uname:Linux 3.19.0-58-generic #64~14.04.1-Ubuntu SMP Fri Mar 18 19:05:42 UTC 2016 i686
libc:glibc 2.19 NPTL 2.19 
rlimit: STACK 8192k, CORE 0k, NPROC 14668, NOFILE 4096, AS infinity
load average:1,78 0,65 0,42

/proc/meminfo:
MemTotal:        1906180 kB
MemFree:          119280 kB
MemAvailable:      71376 kB
Buffers:            2368 kB
Cached:           198340 kB
SwapCached:            0 kB
Active:          1538284 kB
Inactive:         181188 kB
Active(anon):    1531828 kB
Inactive(anon):   163360 kB
Active(file):       6456 kB
Inactive(file):    17828 kB
Unevictable:          92 kB
Mlocked:              92 kB
HighTotal:       1032452 kB
HighFree:          15136 kB
LowTotal:         873728 kB
LowFree:          104144 kB
SwapTotal:             0 kB
SwapFree:              0 kB
Dirty:               528 kB
Writeback:             0 kB
AnonPages:       1518908 kB
Mapped:            54360 kB
Shmem:            176372 kB
Slab:              30684 kB
SReclaimable:      15232 kB
SUnreclaim:        15452 kB
KernelStack:        3496 kB
PageTables:         8952 kB
NFS_Unstable:          0 kB
Bounce:                0 kB
WritebackTmp:          0 kB
CommitLimit:      953088 kB
Committed_AS:    3724308 kB
VmallocTotal:     122880 kB
VmallocUsed:       22724 kB
VmallocChunk:      92536 kB
AnonHugePages:    901120 kB
CmaTotal:              0 kB
CmaFree:               0 kB
HugePages_Total:       0
HugePages_Free:        0
HugePages_Rsvd:        0
HugePages_Surp:        0
Hugepagesize:       2048 kB
DirectMap4k:       49144 kB
DirectMap2M:      864256 kB


CPU:total 2 (2 cores per cpu, 1 threads per core) family 6 model 42 stepping 7, cmov, cx8, fxsr, mmx, sse, sse2, sse3, ssse3, sse4.1, sse4.2, popcnt, clmul, tsc, tscinvbit

/proc/cpuinfo:
processor	: 0
vendor_id	: GenuineIntel
cpu family	: 6
model		: 42
model name	: Intel(R) Celeron(R) CPU B815 @ 1.60GHz
stepping	: 7
microcode	: 0x1b
cpu MHz		: 930.500
cache size	: 2048 KB
physical id	: 0
siblings	: 2
core id		: 0
cpu cores	: 2
apicid		: 0
initial apicid	: 0
fdiv_bug	: no
f00f_bug	: no
coma_bug	: no
fpu		: yes
fpu_exception	: yes
cpuid level	: 13
wp		: yes
flags		: fpu vme de pse tsc msr pae mce cx8 apic sep mtrr pge mca cmov pat pse36 clflush dts acpi mmx fxsr sse sse2 ss ht tm pbe nx rdtscp lm constant_tsc arch_perfmon pebs bts xtopology nonstop_tsc aperfmperf eagerfpu pni pclmulqdq dtes64 monitor ds_cpl vmx est tm2 ssse3 cx16 xtpr pdcm pcid sse4_1 sse4_2 x2apic popcnt tsc_deadline_timer xsave lahf_lm arat epb pln pts dtherm tpr_shadow vnmi flexpriority ept vpid xsaveopt
bugs		:
bogomips	: 3192.61
clflush size	: 64
cache_alignment	: 64
address sizes	: 36 bits physical, 48 bits virtual
power management:

processor	: 1
vendor_id	: GenuineIntel
cpu family	: 6
model		: 42
model name	: Intel(R) Celeron(R) CPU B815 @ 1.60GHz
stepping	: 7
microcode	: 0x1b
cpu MHz		: 999.625
cache size	: 2048 KB
physical id	: 0
siblings	: 2
core id		: 1
cpu cores	: 2
apicid		: 2
initial apicid	: 2
fdiv_bug	: no
f00f_bug	: no
coma_bug	: no
fpu		: yes
fpu_exception	: yes
cpuid level	: 13
wp		: yes
flags		: fpu vme de pse tsc msr pae mce cx8 apic sep mtrr pge mca cmov pat pse36 clflush dts acpi mmx fxsr sse sse2 ss ht tm pbe nx rdtscp lm constant_tsc arch_perfmon pebs bts xtopology nonstop_tsc aperfmperf eagerfpu pni pclmulqdq dtes64 monitor ds_cpl vmx est tm2 ssse3 cx16 xtpr pdcm pcid sse4_1 sse4_2 x2apic popcnt tsc_deadline_timer xsave lahf_lm arat epb pln pts dtherm tpr_shadow vnmi flexpriority ept vpid xsaveopt
bugs		:
bogomips	: 3192.61
clflush size	: 64
cache_alignment	: 64
address sizes	: 36 bits physical, 48 bits virtual
power management:



Memory: 4k page, physical 1906180k(119280k free), swap 0k(0k free)

vm_info: Java HotSpot(TM) Server VM (25.77-b03) for linux-x86 JRE (1.8.0_77-b03), built on Mar 20 2016 22:07:15 by "java_re" with gcc 4.3.0 20080428 (Red Hat 4.3.0-8)

time: Sun Apr 24 19:06:02 2016
elapsed time: 34 seconds (0d 0h 0m 34s)

